/foundcog/pyenv3.8/lib/python3.8/site-packages/sklearn/linear_model/_base.py:148: FutureWarning: 'normalize' was deprecated in version 1.0 and will be removed in 1.2. Please leave the normalize parameter to its default value to silence this warning. The default behavior of this estimator is to not do any normalization. If normalization is needed please use sklearn.preprocessing.StandardScaler instead.
  warnings.warn(
Fold 0:
  Train: index=[      0       1       2 ... 1681027 1681028 1681029], group=[  1   2   4   5   6   7  10  12  13  14  17  20  21  22  24  25  26  27
  28  29  32  35  36  37  38  41  42  43  44  46  47  48  49  51  52  53
  54  57  59  61  62  64  66  67  69  71  80  81  83  85  88  89  91  92
  95  96  97  98  99 100 102 105 106 107 108 110 111 112 113 115 116 118
 119 121 122 123 125 127 129 130 132 134 135 136 138 141 142 143 144 146
 147 149 150 152 154 156 157 158 159 160 162 163 164 165 167 168 169 170
 172 173 174 177 179 182 183 184 186 187 189 190 191 194 197 198 199 200
 201 202 203 204 205 207 208 210 212 214 215 216 217 219 220 221 224 225
 226 228 231 232 233 235 236 237 239 241 242 243 244 245 246 249 251 252
 253 255 256 257 258 260 262 263 264 267 269 270 271 273 274 275 277 278
 279 280 283 284 285 286 288 289 290 291 293 294 295 296 298 300 301 302
 303 304 306 308 309 310 314 315 316 318 319 320 324 326 327 328 329 330
 331 332 337 338 339 340 343 344 345 346 348 349 350 351 353 354 357 358
 359 361 363 365 366 367 368 371 372 373 376 378 379 381 384 385 387 388
 389 391 392 394 396 397 400 401 403 404 405 406 408 409 410 411 413 414
 415 416 417 419 421 422 423 424 428 429 432 433 435 436 437 439 441 442
 443 444 445 450 451 453 454 457 458 459 460 464 465 466 470 471 473 476
 480 481 482]
  Test:  index=[   8710    8711    8712 ... 1685382 1685383 1685384], group=[  3   8  16  23  31  34  40  45  50  58  60  65  74  87  94 103 109 114
 120 128 133 139 145 151 155 161 166 171 178 188 196 206 213 223 229 230
 234 240 248 254 259 265 272 276 282 287 292 299 305 311 313 317 325 335
 342 347 352 355 356 364 369 370 375 382 395 402 407 412 420 426 434 440
 447 448 449 455 472 483]
Fold 1:
  Train: index=[   4355    4356    4357 ... 1685382 1685383 1685384], group=[  2   3   5   6   7   8  12  13  14  16  20  21  22  23  25  26  27  28
  31  32  34  36  37  38  40  42  43  44  45  47  48  49  50  52  53  54
  57  58  60  61  62  64  65  67  69  71  74  83  85  87  89  91  92  94
  96  97  98  99 100 102 103 106 107 108 109 111 112 113 114 116 118 119
 120 122 123 128 129 130 132 133 135 136 138 139 143 144 145 147 149 150
 151 154 155 156 157 158 159 160 161 163 164 165 166 168 169 170 171 173
 174 177 178 182 183 184 186 187 188 190 191 194 196 198 199 200 201 203
 204 205 206 208 210 212 213 214 219 220 221 223 225 226 228 229 230 231
 232 233 234 236 237 239 240 241 242 243 245 246 248 251 252 253 254 256
 257 258 259 262 263 264 265 269 270 272 273 274 275 276 278 279 280 282
 284 285 286 287 289 290 291 292 294 295 296 298 299 300 302 303 304 305
 308 309 310 311 313 314 315 316 317 319 320 324 325 327 328 329 330 331
 332 335 338 339 340 342 345 346 347 349 350 351 352 354 355 356 357 359
 361 363 364 366 367 368 369 370 371 372 373 375 378 379 381 382 385 387
 388 391 392 394 395 397 400 401 402 404 405 406 407 409 410 411 412 415
 416 417 419 420 422 423 424 426 429 432 433 434 436 437 439 440 442 443
 444 447 448 449 451 453 454 455 458 459 460 464 466 470 471 472 476 480
 481 482 483]
  Test:  index=[      0       1       2 ... 1663607 1663608 1663609], group=[  1   4  10  17  24  29  35  41  46  51  59  66  80  81  88  95 105 110
 115 121 125 127 134 141 142 146 152 162 167 172 179 189 197 202 207 215
 216 217 224 235 244 249 255 260 267 271 277 283 288 293 301 306 318 326
 337 343 344 348 353 358 365 376 384 389 396 403 408 413 414 421 428 435
 441 445 450 457 465 473]
Fold 2:
  Train: index=[      0       1       2 ... 1685382 1685383 1685384], group=[  1   2   3   4   6   7   8  10  13  14  16  17  21  22  23  24  26  27
  29  31  32  34  35  37  38  40  41  43  44  45  46  48  49  50  51  53
  54  57  58  59  60  62  64  65  66  69  71  74  80  81  83  85  87  88
  91  92  94  95  97  98  99 100 102 103 105 107 108 109 110 113 114 115
 118 119 120 121 123 125 127 128 130 132 133 134 136 138 139 141 142 143
 144 145 146 149 150 151 152 155 156 157 159 160 161 162 164 165 166 167
 169 170 171 172 174 177 178 179 184 186 187 188 189 191 194 196 197 199
 200 201 202 204 205 206 207 210 212 213 215 216 217 220 221 223 224 226
 228 229 230 232 233 234 235 237 239 240 243 244 245 246 248 249 252 253
 254 255 258 259 260 263 264 265 267 270 271 272 273 274 275 276 277 279
 280 282 283 285 286 287 288 290 291 292 293 295 296 298 299 300 301 303
 304 305 306 309 310 311 313 315 316 317 318 320 324 325 326 327 331 332
 335 337 339 340 342 343 344 345 346 347 348 350 351 352 353 355 356 357
 358 361 363 364 365 367 368 369 370 372 373 375 376 379 381 382 384 385
 387 389 392 394 395 396 400 401 402 403 405 406 407 408 410 411 412 413
 414 416 419 420 421 423 424 426 428 432 433 434 435 437 439 440 441 443
 444 445 447 448 449 450 453 454 455 457 459 460 464 465 470 471 472 473
 480 481 482 483]
  Test:  index=[  17420   17421   17422 ... 1667962 1667963 1667964], group=[  5  12  20  25  28  36  42  47  52  61  67  89  96 106 111 112 116 122
 129 135 147 154 158 163 168 173 182 183 190 198 203 208 214 219 225 231
 236 241 242 251 256 257 262 269 278 284 289 294 302 308 314 319 328 329
 330 338 349 354 359 366 371 378 388 391 397 404 409 415 417 422 429 436
 442 451 458 466 476]
Fold 3:
  Train: index=[      0       1       2 ... 1685382 1685383 1685384], group=[  1   2   3   4   5   7   8  10  12  16  17  20  22  23  24  25  27  28
  29  31  32  34  35  36  38  40  41  42  44  45  46  47  49  50  51  52
  54  57  58  59  60  61  64  65  66  67  71  74  80  81  85  87  88  89
  92  94  95  96  97 102 103 105 106 108 109 110 111 112 113 114 115 116
 119 120 121 122 125 127 128 129 132 133 134 135 138 139 141 142 144 145
 146 147 150 151 152 154 155 156 158 160 161 162 163 165 166 167 168 170
 171 172 173 177 178 179 182 183 186 188 189 190 194 196 197 198 200 201
 202 203 205 206 207 208 212 213 214 215 216 217 219 221 223 224 225 228
 229 230 231 233 234 235 236 239 240 241 242 244 246 248 249 251 253 254
 255 256 257 258 259 260 262 264 265 267 269 271 272 273 275 276 277 278
 280 282 283 284 286 287 288 289 291 292 293 294 298 299 300 301 302 304
 305 306 308 310 311 313 314 316 317 318 319 324 325 326 328 329 330 332
 335 337 338 340 342 343 344 346 347 348 349 351 352 353 354 355 356 357
 358 359 363 364 365 366 368 369 370 371 373 375 376 378 381 382 384 385
 388 389 391 394 395 396 397 401 402 403 404 406 407 408 409 411 412 413
 414 415 417 419 420 421 422 424 426 428 429 434 435 436 439 440 441 442
 444 445 447 448 449 450 451 454 455 457 458 460 464 465 466 471 472 473
 476 481 482 483]
  Test:  index=[  21775   21776   21777 ... 1672317 1672318 1672319], group=[  6  13  14  21  26  37  43  48  53  62  69  83  91  98  99 100 107 118
 123 130 136 143 149 157 159 164 169 174 184 187 191 199 204 210 220 226
 232 237 243 245 252 263 270 274 279 285 290 295 296 303 309 315 320 327
 331 339 345 350 361 367 372 379 387 392 400 405 410 416 423 432 433 437
 443 453 459 470 480]
Fold 4:
  Train: index=[      0       1       2 ... 1685382 1685383 1685384], group=[  1   3   4   5   6   8  10  12  13  14  16  17  20  21  23  24  25  26
  28  29  31  34  35  36  37  40  41  42  43  45  46  47  48  50  51  52
  53  58  59  60  61  62  65  66  67  69  74  80  81  83  87  88  89  91
  94  95  96  98  99 100 103 105 106 107 109 110 111 112 114 115 116 118
 120 121 122 123 125 127 128 129 130 133 134 135 136 139 141 142 143 145
 146 147 149 151 152 154 155 157 158 159 161 162 163 164 166 167 168 169
 171 172 173 174 178 179 182 183 184 187 188 189 190 191 196 197 198 199
 202 203 204 206 207 208 210 213 214 215 216 217 219 220 223 224 225 226
 229 230 231 232 234 235 236 237 240 241 242 243 244 245 248 249 251 252
 254 255 256 257 259 260 262 263 265 267 269 270 271 272 274 276 277 278
 279 282 283 284 285 287 288 289 290 292 293 294 295 296 299 301 302 303
 305 306 308 309 311 313 314 315 317 318 319 320 325 326 327 328 329 330
 331 335 337 338 339 342 343 344 345 347 348 349 350 352 353 354 355 356
 358 359 361 364 365 366 367 369 370 371 372 375 376 378 379 382 384 387
 388 389 391 392 395 396 397 400 402 403 404 405 407 408 409 410 412 413
 414 415 416 417 420 421 422 423 426 428 429 432 433 434 435 436 437 440
 441 442 443 445 447 448 449 450 451 453 455 457 458 459 465 466 470 472
 473 476 480 483]
  Test:  index=[   4355    4356    4357 ... 1681027 1681028 1681029], group=[  2   7  22  27  32  38  44  49  54  57  64  71  85  92  97 102 108 113
 119 132 138 144 150 156 160 165 170 177 186 194 200 201 205 212 221 228
 233 239 246 253 258 264 273 275 280 286 291 298 300 304 310 316 324 332
 340 346 351 357 363 368 373 381 385 394 401 406 411 419 424 439 444 454
 460 464 471 481 482]
Best alpha: 0.06483874913878401
Best l1_ratio: 1.0
MSE: 0.007716292674723372
